<?xml version="1.0" encoding="UTF-8"?>
<!-- Generated by org.testng.reporters.JUnitReportReporter -->
<testsuite skipped="0" hostname="AkRaM" name="tests.SearchProductTest" tests="1" failures="0" timestamp="25 Jun 2020 13:45:07 GMT" time="14.572" errors="0">
  <testcase name="userCanSearchForProduct" time="14.572" classname="tests.SearchProductTest"/>
</testsuite> <!-- tests.SearchProductTest -->
