<?xml version="1.0" encoding="UTF-8"?>
<!-- Generated by org.testng.reporters.JUnitReportReporter -->
<testsuite skipped="0" hostname="AkRaM" name="tests.EmailFriendTest" tests="3" failures="0" timestamp="16 May 2020 12:36:33 GMT" time="7.597" errors="0">
  <testcase name="UseCanRegisterSuccssfully" time="3.412" classname="tests.EmailFriendTest"/>
  <testcase name="userCanSearchForProduct" time="3.063" classname="tests.EmailFriendTest"/>
  <testcase name="SendEmail" time="1.122" classname="tests.EmailFriendTest"/>
</testsuite> <!-- tests.EmailFriendTest -->
