<?xml version="1.0" encoding="UTF-8"?>
<!-- Generated by org.testng.reporters.JUnitReportReporter -->
<testsuite skipped="0" hostname="AkRaM" name="tests.AddProductToWishListTest" tests="3" failures="0" timestamp="25 Jun 2020 13:46:54 GMT" time="11.976" errors="0">
  <testcase name="UserCanSearchForProductsWithAutoSuggest" time="9.273" classname="tests.AddProductToWishListTest"/>
  <testcase name="UserCanAddProductToWishlist" time="1.337" classname="tests.AddProductToWishListTest"/>
  <testcase name="UserCanRemoveProductFromCart" time="1.366" classname="tests.AddProductToWishListTest"/>
</testsuite> <!-- tests.AddProductToWishListTest -->
