<?xml version="1.0" encoding="UTF-8"?>
<!-- Generated by org.testng.reporters.JUnitReportReporter -->
<testsuite skipped="0" hostname="AkRaM" name="tests.AddProductReviewTest" tests="3" failures="0" timestamp="16 May 2020 15:35:34 GMT" time="11.673" errors="0">
  <testcase name="UseCanRegisterSuccssfully" time="3.964" classname="tests.AddProductReviewTest"/>
  <testcase name="userCanSearchForProduct" time="5.468" classname="tests.AddProductReviewTest"/>
  <testcase name="userCanAddReview" time="2.241" classname="tests.AddProductReviewTest"/>
</testsuite> <!-- tests.AddProductReviewTest -->
