<?xml version="1.0" encoding="UTF-8"?>
<!-- Generated by org.testng.reporters.JUnitReportReporter -->
<testsuite skipped="0" hostname="AkRaM" name="tests.ChangeCurrencyTest" tests="2" failures="0" timestamp="30 May 2020 15:21:49 GMT" time="9.323" errors="0">
  <testcase name="UserCanChangeCurrency" time="1.789" classname="tests.ChangeCurrencyTest"/>
  <testcase name="userCanSearchForProduct" time="7.534" classname="tests.ChangeCurrencyTest"/>
</testsuite> <!-- tests.ChangeCurrencyTest -->
