<?xml version="1.0" encoding="UTF-8"?>
<!-- Generated by org.testng.reporters.JUnitReportReporter -->
<testsuite skipped="0" hostname="AkRaM" name="tests.ChangeCurrencyTest" tests="2" failures="0" timestamp="22 Jun 2020 11:22:18 GMT" time="8.893" errors="0">
  <testcase name="UserCanChangeCurrency" time="1.807" classname="tests.ChangeCurrencyTest"/>
  <testcase name="userCanSearchForProduct" time="7.086" classname="tests.ChangeCurrencyTest"/>
</testsuite> <!-- tests.ChangeCurrencyTest -->
