<?xml version="1.0" encoding="UTF-8"?>
<!-- Generated by org.testng.reporters.JUnitReportReporter -->
<testsuite skipped="0" hostname="AkRaM" name="tests.ProductHoverMenuTest" tests="1" failures="0" timestamp="28 May 2020 14:58:17 GMT" time="2.925" errors="0">
  <testcase name="UserCanSelectSubCategoryFromMainMenu" time="2.925" classname="tests.ProductHoverMenuTest"/>
</testsuite> <!-- tests.ProductHoverMenuTest -->
