<?xml version="1.0" encoding="UTF-8"?>
<!-- Generated by org.testng.reporters.JUnitReportReporter -->
<testsuite skipped="0" hostname="AkRaM" name="tests.UserRegistrationWithDDTAndDataProvider" tests="2" failures="0" timestamp="18 May 2020 20:55:29 GMT" time="26.894" errors="0">
  <testcase name="UseCanRegisterSuccssfully" time="11.232" classname="tests.UserRegistrationWithDDTAndDataProvider"/>
  <testcase name="UseCanRegisterSuccssfully" time="15.662" classname="tests.UserRegistrationWithDDTAndDataProvider"/>
</testsuite> <!-- tests.UserRegistrationWithDDTAndDataProvider -->
