<?xml version="1.0" encoding="UTF-8"?>
<!-- Generated by org.testng.reporters.JUnitReportReporter -->
<testsuite skipped="0" hostname="AkRaM" name="tests.UserRegistrationTest" tests="3" failures="0" timestamp="23 May 2020 13:57:21 GMT" time="7.429" errors="0">
  <testcase name="RegisterUserCanLogout" time="1.009" classname="tests.UserRegistrationTest"/>
  <testcase name="RegisterUserCanLogin" time="1.470" classname="tests.UserRegistrationTest"/>
  <testcase name="UseCanRegisterSuccssfully" time="4.950" classname="tests.UserRegistrationTest"/>
</testsuite> <!-- tests.UserRegistrationTest -->
